<?xml version="1.0" encoding="UTF-8"?>
<!-- Generated by org.testng.reporters.JUnitXMLReporter -->
<testsuite hostname="DESKTOP-KV9BC2T" ignored="0" name="Surefire test" tests="3" failures="3" timestamp="10 Sep 2021 19:51:41 GMT" time="82.025" errors="0">
  <testcase name="runScenario" time="69.932" classname="io.cucumber.testng.AbstractTestNGCucumberTests">
    <failure type="org.openqa.selenium.WebDriverException" message="unknown error: DevToolsActivePort file doesn&amp;apos;t exist
Build info: version: &amp;apos;3.141.59&amp;apos;, revision: &amp;apos;e82be7d358&amp;apos;, time: &amp;apos;2018-11-14T08:17:03&amp;apos;
System info: host: &amp;apos;DESKTOP-KV9BC2T&amp;apos;, ip: &amp;apos;192.168.2.25&amp;apos;, os.name: &amp;apos;Windows 10&amp;apos;, os.arch: &amp;apos;amd64&amp;apos;, os.version: &amp;apos;10.0&amp;apos;, java.version: &amp;apos;1.8.0_291&amp;apos;
Driver info: driver.version: ChromeDriver
remote stacktrace: Backtrace:
	Ordinal0 [0x00C82A33+2501171]
	Ordinal0 [0x00C1D1C1+2085313]
	Ordinal0 [0x00B21FA8+1056680]
	Ordinal0 [0x00B3F582+1176962]
	Ordinal0 [0x00B3BF09+1163017]
	Ordinal0 [0x00B3997F+1153407]
	Ordinal0 [0x00B6999F+1350047]
	Ordinal0 [0x00B6960A+1349130]
	Ordinal0 [0x00B6551B+1332507]
	Ordinal0 [0x00B41D74+1187188]
	Ordinal0 [0x00B42BD9+1190873]
	GetHandleVerifier [0x00DFEFE6+1504438]
	GetHandleVerifier [0x00EADDA5+2220661]
	GetHandleVerifier [0x00D05589+481881]
	GetHandleVerifier [0x00D04639+477961]
	Ordinal0 [0x00C228BD+2107581]
	Ordinal0 [0x00C26728+2123560]
	Ordinal0 [0x00C26862+2123874]
	Ordinal0 [0x00C2FA81+2161281]
	BaseThreadInitThunk [0x7670FA29+25]
	RtlGetAppContainerNamedObjectPath [0x77997A7E+286]
	RtlGetAppContainerNamedObjectPath [0x77997A4E+238]
">
      <![CDATA[org.openqa.selenium.WebDriverException: unknown error: DevToolsActivePort file doesn't exist
Build info: version: '3.141.59', revision: 'e82be7d358', time: '2018-11-14T08:17:03'
System info: host: 'DESKTOP-KV9BC2T', ip: '192.168.2.25', os.name: 'Windows 10', os.arch: 'amd64', os.version: '10.0', java.version: '1.8.0_291'
Driver info: driver.version: ChromeDriver
remote stacktrace: Backtrace:
	Ordinal0 [0x00C82A33+2501171]
	Ordinal0 [0x00C1D1C1+2085313]
	Ordinal0 [0x00B21FA8+1056680]
	Ordinal0 [0x00B3F582+1176962]
	Ordinal0 [0x00B3BF09+1163017]
	Ordinal0 [0x00B3997F+1153407]
	Ordinal0 [0x00B6999F+1350047]
	Ordinal0 [0x00B6960A+1349130]
	Ordinal0 [0x00B6551B+1332507]
	Ordinal0 [0x00B41D74+1187188]
	Ordinal0 [0x00B42BD9+1190873]
	GetHandleVerifier [0x00DFEFE6+1504438]
	GetHandleVerifier [0x00EADDA5+2220661]
	GetHandleVerifier [0x00D05589+481881]
	GetHandleVerifier [0x00D04639+477961]
	Ordinal0 [0x00C228BD+2107581]
	Ordinal0 [0x00C26728+2123560]
	Ordinal0 [0x00C26862+2123874]
	Ordinal0 [0x00C2FA81+2161281]
	BaseThreadInitThunk [0x7670FA29+25]
	RtlGetAppContainerNamedObjectPath [0x77997A7E+286]
	RtlGetAppContainerNamedObjectPath [0x77997A4E+238]

	at org.openqa.selenium.remote.W3CHandshakeResponse.lambda$errorHandler$0(W3CHandshakeResponse.java:62)
	at org.openqa.selenium.remote.HandshakeResponse.lambda$getResponseFunction$0(HandshakeResponse.java:30)
	at org.openqa.selenium.remote.ProtocolHandshake.lambda$createSession$0(ProtocolHandshake.java:126)
	at java.util.stream.ReferencePipeline$3$1.accept(ReferencePipeline.java:193)
	at java.util.Spliterators$ArraySpliterator.tryAdvance(Spliterators.java:958)
	at java.util.stream.ReferencePipeline.forEachWithCancel(ReferencePipeline.java:126)
	at java.util.stream.AbstractPipeline.copyIntoWithCancel(AbstractPipeline.java:499)
	at java.util.stream.AbstractPipeline.copyInto(AbstractPipeline.java:486)
	at java.util.stream.AbstractPipeline.wrapAndCopyInto(AbstractPipeline.java:472)
	at java.util.stream.FindOps$FindOp.evaluateSequential(FindOps.java:152)
	at java.util.stream.AbstractPipeline.evaluate(AbstractPipeline.java:234)
	at java.util.stream.ReferencePipeline.findFirst(ReferencePipeline.java:464)
	at org.openqa.selenium.remote.ProtocolHandshake.createSession(ProtocolHandshake.java:128)
	at org.openqa.selenium.remote.ProtocolHandshake.createSession(ProtocolHandshake.java:74)
	at org.openqa.selenium.remote.HttpCommandExecutor.execute(HttpCommandExecutor.java:136)
	at org.openqa.selenium.remote.service.DriverCommandExecutor.execute(DriverCommandExecutor.java:83)
	at org.openqa.selenium.remote.RemoteWebDriver.execute(RemoteWebDriver.java:552)
	at org.openqa.selenium.remote.RemoteWebDriver.startSession(RemoteWebDriver.java:213)
	at org.openqa.selenium.remote.RemoteWebDriver.<init>(RemoteWebDriver.java:131)
	at org.openqa.selenium.chrome.ChromeDriver.<init>(ChromeDriver.java:181)
	at org.openqa.selenium.chrome.ChromeDriver.<init>(ChromeDriver.java:168)
	at org.openqa.selenium.chrome.ChromeDriver.<init>(ChromeDriver.java:123)
	at stepDefinitions.AmazonSearchStepDefinitions.cucumberSetup(AmazonSearchStepDefinitions.java:28)
... Removed 4 stack frames]]>
    </failure>
  </testcase> <!-- runScenario -->
  <testcase name="runScenario" time="69.932" classname="io.cucumber.testng.AbstractTestNGCucumberTests">
    <failure type="org.openqa.selenium.WebDriverException" message="unknown error: DevToolsActivePort file doesn&amp;apos;t exist
Build info: version: &amp;apos;3.141.59&amp;apos;, revision: &amp;apos;e82be7d358&amp;apos;, time: &amp;apos;2018-11-14T08:17:03&amp;apos;
System info: host: &amp;apos;DESKTOP-KV9BC2T&amp;apos;, ip: &amp;apos;192.168.2.25&amp;apos;, os.name: &amp;apos;Windows 10&amp;apos;, os.arch: &amp;apos;amd64&amp;apos;, os.version: &amp;apos;10.0&amp;apos;, java.version: &amp;apos;1.8.0_291&amp;apos;
Driver info: driver.version: ChromeDriver
remote stacktrace: Backtrace:
	Ordinal0 [0x00C82A33+2501171]
	Ordinal0 [0x00C1D1C1+2085313]
	Ordinal0 [0x00B21FA8+1056680]
	Ordinal0 [0x00B3F582+1176962]
	Ordinal0 [0x00B3BF09+1163017]
	Ordinal0 [0x00B3997F+1153407]
	Ordinal0 [0x00B6999F+1350047]
	Ordinal0 [0x00B6960A+1349130]
	Ordinal0 [0x00B6551B+1332507]
	Ordinal0 [0x00B41D74+1187188]
	Ordinal0 [0x00B42BD9+1190873]
	GetHandleVerifier [0x00DFEFE6+1504438]
	GetHandleVerifier [0x00EADDA5+2220661]
	GetHandleVerifier [0x00D05589+481881]
	GetHandleVerifier [0x00D04639+477961]
	Ordinal0 [0x00C228BD+2107581]
	Ordinal0 [0x00C26728+2123560]
	Ordinal0 [0x00C26862+2123874]
	Ordinal0 [0x00C2FA81+2161281]
	BaseThreadInitThunk [0x7670FA29+25]
	RtlGetAppContainerNamedObjectPath [0x77997A7E+286]
	RtlGetAppContainerNamedObjectPath [0x77997A4E+238]
">
      <![CDATA[org.openqa.selenium.WebDriverException: unknown error: DevToolsActivePort file doesn't exist
Build info: version: '3.141.59', revision: 'e82be7d358', time: '2018-11-14T08:17:03'
System info: host: 'DESKTOP-KV9BC2T', ip: '192.168.2.25', os.name: 'Windows 10', os.arch: 'amd64', os.version: '10.0', java.version: '1.8.0_291'
Driver info: driver.version: ChromeDriver
remote stacktrace: Backtrace:
	Ordinal0 [0x00C82A33+2501171]
	Ordinal0 [0x00C1D1C1+2085313]
	Ordinal0 [0x00B21FA8+1056680]
	Ordinal0 [0x00B3F582+1176962]
	Ordinal0 [0x00B3BF09+1163017]
	Ordinal0 [0x00B3997F+1153407]
	Ordinal0 [0x00B6999F+1350047]
	Ordinal0 [0x00B6960A+1349130]
	Ordinal0 [0x00B6551B+1332507]
	Ordinal0 [0x00B41D74+1187188]
	Ordinal0 [0x00B42BD9+1190873]
	GetHandleVerifier [0x00DFEFE6+1504438]
	GetHandleVerifier [0x00EADDA5+2220661]
	GetHandleVerifier [0x00D05589+481881]
	GetHandleVerifier [0x00D04639+477961]
	Ordinal0 [0x00C228BD+2107581]
	Ordinal0 [0x00C26728+2123560]
	Ordinal0 [0x00C26862+2123874]
	Ordinal0 [0x00C2FA81+2161281]
	BaseThreadInitThunk [0x7670FA29+25]
	RtlGetAppContainerNamedObjectPath [0x77997A7E+286]
	RtlGetAppContainerNamedObjectPath [0x77997A4E+238]

	at org.openqa.selenium.remote.W3CHandshakeResponse.lambda$errorHandler$0(W3CHandshakeResponse.java:62)
	at org.openqa.selenium.remote.HandshakeResponse.lambda$getResponseFunction$0(HandshakeResponse.java:30)
	at org.openqa.selenium.remote.ProtocolHandshake.lambda$createSession$0(ProtocolHandshake.java:126)
	at java.util.stream.ReferencePipeline$3$1.accept(ReferencePipeline.java:193)
	at java.util.Spliterators$ArraySpliterator.tryAdvance(Spliterators.java:958)
	at java.util.stream.ReferencePipeline.forEachWithCancel(ReferencePipeline.java:126)
	at java.util.stream.AbstractPipeline.copyIntoWithCancel(AbstractPipeline.java:499)
	at java.util.stream.AbstractPipeline.copyInto(AbstractPipeline.java:486)
	at java.util.stream.AbstractPipeline.wrapAndCopyInto(AbstractPipeline.java:472)
	at java.util.stream.FindOps$FindOp.evaluateSequential(FindOps.java:152)
	at java.util.stream.AbstractPipeline.evaluate(AbstractPipeline.java:234)
	at java.util.stream.ReferencePipeline.findFirst(ReferencePipeline.java:464)
	at org.openqa.selenium.remote.ProtocolHandshake.createSession(ProtocolHandshake.java:128)
	at org.openqa.selenium.remote.ProtocolHandshake.createSession(ProtocolHandshake.java:74)
	at org.openqa.selenium.remote.HttpCommandExecutor.execute(HttpCommandExecutor.java:136)
	at org.openqa.selenium.remote.service.DriverCommandExecutor.execute(DriverCommandExecutor.java:83)
	at org.openqa.selenium.remote.RemoteWebDriver.execute(RemoteWebDriver.java:552)
	at org.openqa.selenium.remote.RemoteWebDriver.startSession(RemoteWebDriver.java:213)
	at org.openqa.selenium.remote.RemoteWebDriver.<init>(RemoteWebDriver.java:131)
	at org.openqa.selenium.chrome.ChromeDriver.<init>(ChromeDriver.java:181)
	at org.openqa.selenium.chrome.ChromeDriver.<init>(ChromeDriver.java:168)
	at org.openqa.selenium.chrome.ChromeDriver.<init>(ChromeDriver.java:123)
	at stepDefinitions.AmazonSearchStepDefinitions.cucumberSetup(AmazonSearchStepDefinitions.java:28)
... Removed 4 stack frames]]>
    </failure>
  </testcase> <!-- runScenario -->
  <testcase name="runScenario" time="69.963" classname="io.cucumber.testng.AbstractTestNGCucumberTests">
    <failure type="org.openqa.selenium.WebDriverException" message="unknown error: DevToolsActivePort file doesn&amp;apos;t exist
Build info: version: &amp;apos;3.141.59&amp;apos;, revision: &amp;apos;e82be7d358&amp;apos;, time: &amp;apos;2018-11-14T08:17:03&amp;apos;
System info: host: &amp;apos;DESKTOP-KV9BC2T&amp;apos;, ip: &amp;apos;192.168.2.25&amp;apos;, os.name: &amp;apos;Windows 10&amp;apos;, os.arch: &amp;apos;amd64&amp;apos;, os.version: &amp;apos;10.0&amp;apos;, java.version: &amp;apos;1.8.0_291&amp;apos;
Driver info: driver.version: ChromeDriver
remote stacktrace: Backtrace:
	Ordinal0 [0x00C82A33+2501171]
	Ordinal0 [0x00C1D1C1+2085313]
	Ordinal0 [0x00B21FA8+1056680]
	Ordinal0 [0x00B3F582+1176962]
	Ordinal0 [0x00B3BF09+1163017]
	Ordinal0 [0x00B3997F+1153407]
	Ordinal0 [0x00B6999F+1350047]
	Ordinal0 [0x00B6960A+1349130]
	Ordinal0 [0x00B6551B+1332507]
	Ordinal0 [0x00B41D74+1187188]
	Ordinal0 [0x00B42BD9+1190873]
	GetHandleVerifier [0x00DFEFE6+1504438]
	GetHandleVerifier [0x00EADDA5+2220661]
	GetHandleVerifier [0x00D05589+481881]
	GetHandleVerifier [0x00D04639+477961]
	Ordinal0 [0x00C228BD+2107581]
	Ordinal0 [0x00C26728+2123560]
	Ordinal0 [0x00C26862+2123874]
	Ordinal0 [0x00C2FA81+2161281]
	BaseThreadInitThunk [0x7670FA29+25]
	RtlGetAppContainerNamedObjectPath [0x77997A7E+286]
	RtlGetAppContainerNamedObjectPath [0x77997A4E+238]
">
      <![CDATA[org.openqa.selenium.WebDriverException: unknown error: DevToolsActivePort file doesn't exist
Build info: version: '3.141.59', revision: 'e82be7d358', time: '2018-11-14T08:17:03'
System info: host: 'DESKTOP-KV9BC2T', ip: '192.168.2.25', os.name: 'Windows 10', os.arch: 'amd64', os.version: '10.0', java.version: '1.8.0_291'
Driver info: driver.version: ChromeDriver
remote stacktrace: Backtrace:
	Ordinal0 [0x00C82A33+2501171]
	Ordinal0 [0x00C1D1C1+2085313]
	Ordinal0 [0x00B21FA8+1056680]
	Ordinal0 [0x00B3F582+1176962]
	Ordinal0 [0x00B3BF09+1163017]
	Ordinal0 [0x00B3997F+1153407]
	Ordinal0 [0x00B6999F+1350047]
	Ordinal0 [0x00B6960A+1349130]
	Ordinal0 [0x00B6551B+1332507]
	Ordinal0 [0x00B41D74+1187188]
	Ordinal0 [0x00B42BD9+1190873]
	GetHandleVerifier [0x00DFEFE6+1504438]
	GetHandleVerifier [0x00EADDA5+2220661]
	GetHandleVerifier [0x00D05589+481881]
	GetHandleVerifier [0x00D04639+477961]
	Ordinal0 [0x00C228BD+2107581]
	Ordinal0 [0x00C26728+2123560]
	Ordinal0 [0x00C26862+2123874]
	Ordinal0 [0x00C2FA81+2161281]
	BaseThreadInitThunk [0x7670FA29+25]
	RtlGetAppContainerNamedObjectPath [0x77997A7E+286]
	RtlGetAppContainerNamedObjectPath [0x77997A4E+238]

	at org.openqa.selenium.remote.W3CHandshakeResponse.lambda$errorHandler$0(W3CHandshakeResponse.java:62)
	at org.openqa.selenium.remote.HandshakeResponse.lambda$getResponseFunction$0(HandshakeResponse.java:30)
	at org.openqa.selenium.remote.ProtocolHandshake.lambda$createSession$0(ProtocolHandshake.java:126)
	at java.util.stream.ReferencePipeline$3$1.accept(ReferencePipeline.java:193)
	at java.util.Spliterators$ArraySpliterator.tryAdvance(Spliterators.java:958)
	at java.util.stream.ReferencePipeline.forEachWithCancel(ReferencePipeline.java:126)
	at java.util.stream.AbstractPipeline.copyIntoWithCancel(AbstractPipeline.java:499)
	at java.util.stream.AbstractPipeline.copyInto(AbstractPipeline.java:486)
	at java.util.stream.AbstractPipeline.wrapAndCopyInto(AbstractPipeline.java:472)
	at java.util.stream.FindOps$FindOp.evaluateSequential(FindOps.java:152)
	at java.util.stream.AbstractPipeline.evaluate(AbstractPipeline.java:234)
	at java.util.stream.ReferencePipeline.findFirst(ReferencePipeline.java:464)
	at org.openqa.selenium.remote.ProtocolHandshake.createSession(ProtocolHandshake.java:128)
	at org.openqa.selenium.remote.ProtocolHandshake.createSession(ProtocolHandshake.java:74)
	at org.openqa.selenium.remote.HttpCommandExecutor.execute(HttpCommandExecutor.java:136)
	at org.openqa.selenium.remote.service.DriverCommandExecutor.execute(DriverCommandExecutor.java:83)
	at org.openqa.selenium.remote.RemoteWebDriver.execute(RemoteWebDriver.java:552)
	at org.openqa.selenium.remote.RemoteWebDriver.startSession(RemoteWebDriver.java:213)
	at org.openqa.selenium.remote.RemoteWebDriver.<init>(RemoteWebDriver.java:131)
	at org.openqa.selenium.chrome.ChromeDriver.<init>(ChromeDriver.java:181)
	at org.openqa.selenium.chrome.ChromeDriver.<init>(ChromeDriver.java:168)
	at org.openqa.selenium.chrome.ChromeDriver.<init>(ChromeDriver.java:123)
	at stepDefinitions.AmazonSearchStepDefinitions.cucumberSetup(AmazonSearchStepDefinitions.java:28)
... Removed 4 stack frames]]>
    </failure>
  </testcase> <!-- runScenario -->
</testsuite> <!-- Surefire test -->
