<?xml version="1.0" encoding="UTF-8"?>
<testng-results skipped="0" failed="3" ignored="0" total="3" passed="0">
  <reporter-output>
  </reporter-output>
  <suite name="Surefire suite" duration-ms="82025" started-at="2021-09-10T19:50:19Z" finished-at="2021-09-10T19:51:41Z">
    <groups>
      <group name="cucumber">
        <method signature="AbstractTestNGCucumberTests.runScenario(io.cucumber.testng.PickleWrapper, io.cucumber.testng.FeatureWrapper)[pri:0, instance:stepDefinitions.parallelRunnerTest@457e2f02]" name="runScenario" class="io.cucumber.testng.AbstractTestNGCucumberTests"/>
      </group> <!-- cucumber -->
    </groups>
    <test name="Surefire test" duration-ms="82025" started-at="2021-09-10T19:50:19Z" finished-at="2021-09-10T19:51:41Z">
      <class name="stepDefinitions.parallelRunnerTest">
        <test-method status="PASS" signature="setUpClass()[pri:0, instance:stepDefinitions.parallelRunnerTest@457e2f02]" name="setUpClass" is-config="true" duration-ms="2062" started-at="2021-09-10T15:50:19Z" finished-at="2021-09-10T15:50:21Z">
          <reporter-output>
          </reporter-output>
        </test-method> <!-- setUpClass -->
        <test-method status="FAIL" signature="runScenario(io.cucumber.testng.PickleWrapper, io.cucumber.testng.FeatureWrapper)[pri:0, instance:stepDefinitions.parallelRunnerTest@457e2f02]" name="runScenario" duration-ms="69963" started-at="2021-09-10T15:50:21Z" description="Runs Cucumber Scenarios" data-provider="scenarios" finished-at="2021-09-10T15:51:31Z">
          <params>
            <param index="0">
              <value>
                <![CDATA["Search for a product and validate results"]]>
              </value>
            </param>
            <param index="1">
              <value>
                <![CDATA["Optional[Validate Parallel Run]"]]>
              </value>
            </param>
          </params>
          <exception class="org.openqa.selenium.WebDriverException">
            <message>
              <![CDATA[unknown error: DevToolsActivePort file doesn't exist
Build info: version: '3.141.59', revision: 'e82be7d358', time: '2018-11-14T08:17:03'
System info: host: 'DESKTOP-KV9BC2T', ip: '192.168.2.25', os.name: 'Windows 10', os.arch: 'amd64', os.version: '10.0', java.version: '1.8.0_291'
Driver info: driver.version: ChromeDriver
remote stacktrace: Backtrace:
	Ordinal0 [0x00C82A33+2501171]
	Ordinal0 [0x00C1D1C1+2085313]
	Ordinal0 [0x00B21FA8+1056680]
	Ordinal0 [0x00B3F582+1176962]
	Ordinal0 [0x00B3BF09+1163017]
	Ordinal0 [0x00B3997F+1153407]
	Ordinal0 [0x00B6999F+1350047]
	Ordinal0 [0x00B6960A+1349130]
	Ordinal0 [0x00B6551B+1332507]
	Ordinal0 [0x00B41D74+1187188]
	Ordinal0 [0x00B42BD9+1190873]
	GetHandleVerifier [0x00DFEFE6+1504438]
	GetHandleVerifier [0x00EADDA5+2220661]
	GetHandleVerifier [0x00D05589+481881]
	GetHandleVerifier [0x00D04639+477961]
	Ordinal0 [0x00C228BD+2107581]
	Ordinal0 [0x00C26728+2123560]
	Ordinal0 [0x00C26862+2123874]
	Ordinal0 [0x00C2FA81+2161281]
	BaseThreadInitThunk [0x7670FA29+25]
	RtlGetAppContainerNamedObjectPath [0x77997A7E+286]
	RtlGetAppContainerNamedObjectPath [0x77997A4E+238]
]]>
            </message>
            <full-stacktrace>
              <![CDATA[org.openqa.selenium.WebDriverException: unknown error: DevToolsActivePort file doesn't exist
Build info: version: '3.141.59', revision: 'e82be7d358', time: '2018-11-14T08:17:03'
System info: host: 'DESKTOP-KV9BC2T', ip: '192.168.2.25', os.name: 'Windows 10', os.arch: 'amd64', os.version: '10.0', java.version: '1.8.0_291'
Driver info: driver.version: ChromeDriver
remote stacktrace: Backtrace:
	Ordinal0 [0x00C82A33+2501171]
	Ordinal0 [0x00C1D1C1+2085313]
	Ordinal0 [0x00B21FA8+1056680]
	Ordinal0 [0x00B3F582+1176962]
	Ordinal0 [0x00B3BF09+1163017]
	Ordinal0 [0x00B3997F+1153407]
	Ordinal0 [0x00B6999F+1350047]
	Ordinal0 [0x00B6960A+1349130]
	Ordinal0 [0x00B6551B+1332507]
	Ordinal0 [0x00B41D74+1187188]
	Ordinal0 [0x00B42BD9+1190873]
	GetHandleVerifier [0x00DFEFE6+1504438]
	GetHandleVerifier [0x00EADDA5+2220661]
	GetHandleVerifier [0x00D05589+481881]
	GetHandleVerifier [0x00D04639+477961]
	Ordinal0 [0x00C228BD+2107581]
	Ordinal0 [0x00C26728+2123560]
	Ordinal0 [0x00C26862+2123874]
	Ordinal0 [0x00C2FA81+2161281]
	BaseThreadInitThunk [0x7670FA29+25]
	RtlGetAppContainerNamedObjectPath [0x77997A7E+286]
	RtlGetAppContainerNamedObjectPath [0x77997A4E+238]

	at sun.reflect.NativeConstructorAccessorImpl.newInstance0(Native Method)
	at sun.reflect.NativeConstructorAccessorImpl.newInstance(NativeConstructorAccessorImpl.java:62)
	at sun.reflect.DelegatingConstructorAccessorImpl.newInstance(DelegatingConstructorAccessorImpl.java:45)
	at java.lang.reflect.Constructor.newInstance(Constructor.java:423)
	at org.openqa.selenium.remote.W3CHandshakeResponse.lambda$errorHandler$0(W3CHandshakeResponse.java:62)
	at org.openqa.selenium.remote.HandshakeResponse.lambda$getResponseFunction$0(HandshakeResponse.java:30)
	at org.openqa.selenium.remote.ProtocolHandshake.lambda$createSession$0(ProtocolHandshake.java:126)
	at java.util.stream.ReferencePipeline$3$1.accept(ReferencePipeline.java:193)
	at java.util.Spliterators$ArraySpliterator.tryAdvance(Spliterators.java:958)
	at java.util.stream.ReferencePipeline.forEachWithCancel(ReferencePipeline.java:126)
	at java.util.stream.AbstractPipeline.copyIntoWithCancel(AbstractPipeline.java:499)
	at java.util.stream.AbstractPipeline.copyInto(AbstractPipeline.java:486)
	at java.util.stream.AbstractPipeline.wrapAndCopyInto(AbstractPipeline.java:472)
	at java.util.stream.FindOps$FindOp.evaluateSequential(FindOps.java:152)
	at java.util.stream.AbstractPipeline.evaluate(AbstractPipeline.java:234)
	at java.util.stream.ReferencePipeline.findFirst(ReferencePipeline.java:464)
	at org.openqa.selenium.remote.ProtocolHandshake.createSession(ProtocolHandshake.java:128)
	at org.openqa.selenium.remote.ProtocolHandshake.createSession(ProtocolHandshake.java:74)
	at org.openqa.selenium.remote.HttpCommandExecutor.execute(HttpCommandExecutor.java:136)
	at org.openqa.selenium.remote.service.DriverCommandExecutor.execute(DriverCommandExecutor.java:83)
	at org.openqa.selenium.remote.RemoteWebDriver.execute(RemoteWebDriver.java:552)
	at org.openqa.selenium.remote.RemoteWebDriver.startSession(RemoteWebDriver.java:213)
	at org.openqa.selenium.remote.RemoteWebDriver.<init>(RemoteWebDriver.java:131)
	at org.openqa.selenium.chrome.ChromeDriver.<init>(ChromeDriver.java:181)
	at org.openqa.selenium.chrome.ChromeDriver.<init>(ChromeDriver.java:168)
	at org.openqa.selenium.chrome.ChromeDriver.<init>(ChromeDriver.java:123)
	at stepDefinitions.AmazonSearchStepDefinitions.cucumberSetup(AmazonSearchStepDefinitions.java:28)
]]>
            </full-stacktrace>
          </exception> <!-- org.openqa.selenium.WebDriverException -->
          <reporter-output>
          </reporter-output>
        </test-method> <!-- runScenario -->
        <test-method status="FAIL" signature="runScenario(io.cucumber.testng.PickleWrapper, io.cucumber.testng.FeatureWrapper)[pri:0, instance:stepDefinitions.parallelRunnerTest@457e2f02]" name="runScenario" duration-ms="69932" started-at="2021-09-10T15:50:21Z" description="Runs Cucumber Scenarios" data-provider="scenarios" finished-at="2021-09-10T15:51:31Z">
          <params>
            <param index="0">
              <value>
                <![CDATA["Search for a product and validate results"]]>
              </value>
            </param>
            <param index="1">
              <value>
                <![CDATA["Optional[Validate search functionality]"]]>
              </value>
            </param>
          </params>
          <exception class="org.openqa.selenium.WebDriverException">
            <message>
              <![CDATA[unknown error: DevToolsActivePort file doesn't exist
Build info: version: '3.141.59', revision: 'e82be7d358', time: '2018-11-14T08:17:03'
System info: host: 'DESKTOP-KV9BC2T', ip: '192.168.2.25', os.name: 'Windows 10', os.arch: 'amd64', os.version: '10.0', java.version: '1.8.0_291'
Driver info: driver.version: ChromeDriver
remote stacktrace: Backtrace:
	Ordinal0 [0x00C82A33+2501171]
	Ordinal0 [0x00C1D1C1+2085313]
	Ordinal0 [0x00B21FA8+1056680]
	Ordinal0 [0x00B3F582+1176962]
	Ordinal0 [0x00B3BF09+1163017]
	Ordinal0 [0x00B3997F+1153407]
	Ordinal0 [0x00B6999F+1350047]
	Ordinal0 [0x00B6960A+1349130]
	Ordinal0 [0x00B6551B+1332507]
	Ordinal0 [0x00B41D74+1187188]
	Ordinal0 [0x00B42BD9+1190873]
	GetHandleVerifier [0x00DFEFE6+1504438]
	GetHandleVerifier [0x00EADDA5+2220661]
	GetHandleVerifier [0x00D05589+481881]
	GetHandleVerifier [0x00D04639+477961]
	Ordinal0 [0x00C228BD+2107581]
	Ordinal0 [0x00C26728+2123560]
	Ordinal0 [0x00C26862+2123874]
	Ordinal0 [0x00C2FA81+2161281]
	BaseThreadInitThunk [0x7670FA29+25]
	RtlGetAppContainerNamedObjectPath [0x77997A7E+286]
	RtlGetAppContainerNamedObjectPath [0x77997A4E+238]
]]>
            </message>
            <full-stacktrace>
              <![CDATA[org.openqa.selenium.WebDriverException: unknown error: DevToolsActivePort file doesn't exist
Build info: version: '3.141.59', revision: 'e82be7d358', time: '2018-11-14T08:17:03'
System info: host: 'DESKTOP-KV9BC2T', ip: '192.168.2.25', os.name: 'Windows 10', os.arch: 'amd64', os.version: '10.0', java.version: '1.8.0_291'
Driver info: driver.version: ChromeDriver
remote stacktrace: Backtrace:
	Ordinal0 [0x00C82A33+2501171]
	Ordinal0 [0x00C1D1C1+2085313]
	Ordinal0 [0x00B21FA8+1056680]
	Ordinal0 [0x00B3F582+1176962]
	Ordinal0 [0x00B3BF09+1163017]
	Ordinal0 [0x00B3997F+1153407]
	Ordinal0 [0x00B6999F+1350047]
	Ordinal0 [0x00B6960A+1349130]
	Ordinal0 [0x00B6551B+1332507]
	Ordinal0 [0x00B41D74+1187188]
	Ordinal0 [0x00B42BD9+1190873]
	GetHandleVerifier [0x00DFEFE6+1504438]
	GetHandleVerifier [0x00EADDA5+2220661]
	GetHandleVerifier [0x00D05589+481881]
	GetHandleVerifier [0x00D04639+477961]
	Ordinal0 [0x00C228BD+2107581]
	Ordinal0 [0x00C26728+2123560]
	Ordinal0 [0x00C26862+2123874]
	Ordinal0 [0x00C2FA81+2161281]
	BaseThreadInitThunk [0x7670FA29+25]
	RtlGetAppContainerNamedObjectPath [0x77997A7E+286]
	RtlGetAppContainerNamedObjectPath [0x77997A4E+238]

	at sun.reflect.NativeConstructorAccessorImpl.newInstance0(Native Method)
	at sun.reflect.NativeConstructorAccessorImpl.newInstance(NativeConstructorAccessorImpl.java:62)
	at sun.reflect.DelegatingConstructorAccessorImpl.newInstance(DelegatingConstructorAccessorImpl.java:45)
	at java.lang.reflect.Constructor.newInstance(Constructor.java:423)
	at org.openqa.selenium.remote.W3CHandshakeResponse.lambda$errorHandler$0(W3CHandshakeResponse.java:62)
	at org.openqa.selenium.remote.HandshakeResponse.lambda$getResponseFunction$0(HandshakeResponse.java:30)
	at org.openqa.selenium.remote.ProtocolHandshake.lambda$createSession$0(ProtocolHandshake.java:126)
	at java.util.stream.ReferencePipeline$3$1.accept(ReferencePipeline.java:193)
	at java.util.Spliterators$ArraySpliterator.tryAdvance(Spliterators.java:958)
	at java.util.stream.ReferencePipeline.forEachWithCancel(ReferencePipeline.java:126)
	at java.util.stream.AbstractPipeline.copyIntoWithCancel(AbstractPipeline.java:499)
	at java.util.stream.AbstractPipeline.copyInto(AbstractPipeline.java:486)
	at java.util.stream.AbstractPipeline.wrapAndCopyInto(AbstractPipeline.java:472)
	at java.util.stream.FindOps$FindOp.evaluateSequential(FindOps.java:152)
	at java.util.stream.AbstractPipeline.evaluate(AbstractPipeline.java:234)
	at java.util.stream.ReferencePipeline.findFirst(ReferencePipeline.java:464)
	at org.openqa.selenium.remote.ProtocolHandshake.createSession(ProtocolHandshake.java:128)
	at org.openqa.selenium.remote.ProtocolHandshake.createSession(ProtocolHandshake.java:74)
	at org.openqa.selenium.remote.HttpCommandExecutor.execute(HttpCommandExecutor.java:136)
	at org.openqa.selenium.remote.service.DriverCommandExecutor.execute(DriverCommandExecutor.java:83)
	at org.openqa.selenium.remote.RemoteWebDriver.execute(RemoteWebDriver.java:552)
	at org.openqa.selenium.remote.RemoteWebDriver.startSession(RemoteWebDriver.java:213)
	at org.openqa.selenium.remote.RemoteWebDriver.<init>(RemoteWebDriver.java:131)
	at org.openqa.selenium.chrome.ChromeDriver.<init>(ChromeDriver.java:181)
	at org.openqa.selenium.chrome.ChromeDriver.<init>(ChromeDriver.java:168)
	at org.openqa.selenium.chrome.ChromeDriver.<init>(ChromeDriver.java:123)
	at stepDefinitions.AmazonSearchStepDefinitions.cucumberSetup(AmazonSearchStepDefinitions.java:28)
]]>
            </full-stacktrace>
          </exception> <!-- org.openqa.selenium.WebDriverException -->
          <reporter-output>
          </reporter-output>
        </test-method> <!-- runScenario -->
        <test-method status="FAIL" signature="runScenario(io.cucumber.testng.PickleWrapper, io.cucumber.testng.FeatureWrapper)[pri:0, instance:stepDefinitions.parallelRunnerTest@457e2f02]" name="runScenario" duration-ms="69932" started-at="2021-09-10T15:50:21Z" description="Runs Cucumber Scenarios" data-provider="scenarios" finished-at="2021-09-10T15:51:31Z">
          <params>
            <param index="0">
              <value>
                <![CDATA["Search for a product and validate results"]]>
              </value>
            </param>
            <param index="1">
              <value>
                <![CDATA["Optional[Validate search functionality]"]]>
              </value>
            </param>
          </params>
          <exception class="org.openqa.selenium.WebDriverException">
            <message>
              <![CDATA[unknown error: DevToolsActivePort file doesn't exist
Build info: version: '3.141.59', revision: 'e82be7d358', time: '2018-11-14T08:17:03'
System info: host: 'DESKTOP-KV9BC2T', ip: '192.168.2.25', os.name: 'Windows 10', os.arch: 'amd64', os.version: '10.0', java.version: '1.8.0_291'
Driver info: driver.version: ChromeDriver
remote stacktrace: Backtrace:
	Ordinal0 [0x00C82A33+2501171]
	Ordinal0 [0x00C1D1C1+2085313]
	Ordinal0 [0x00B21FA8+1056680]
	Ordinal0 [0x00B3F582+1176962]
	Ordinal0 [0x00B3BF09+1163017]
	Ordinal0 [0x00B3997F+1153407]
	Ordinal0 [0x00B6999F+1350047]
	Ordinal0 [0x00B6960A+1349130]
	Ordinal0 [0x00B6551B+1332507]
	Ordinal0 [0x00B41D74+1187188]
	Ordinal0 [0x00B42BD9+1190873]
	GetHandleVerifier [0x00DFEFE6+1504438]
	GetHandleVerifier [0x00EADDA5+2220661]
	GetHandleVerifier [0x00D05589+481881]
	GetHandleVerifier [0x00D04639+477961]
	Ordinal0 [0x00C228BD+2107581]
	Ordinal0 [0x00C26728+2123560]
	Ordinal0 [0x00C26862+2123874]
	Ordinal0 [0x00C2FA81+2161281]
	BaseThreadInitThunk [0x7670FA29+25]
	RtlGetAppContainerNamedObjectPath [0x77997A7E+286]
	RtlGetAppContainerNamedObjectPath [0x77997A4E+238]
]]>
            </message>
            <full-stacktrace>
              <![CDATA[org.openqa.selenium.WebDriverException: unknown error: DevToolsActivePort file doesn't exist
Build info: version: '3.141.59', revision: 'e82be7d358', time: '2018-11-14T08:17:03'
System info: host: 'DESKTOP-KV9BC2T', ip: '192.168.2.25', os.name: 'Windows 10', os.arch: 'amd64', os.version: '10.0', java.version: '1.8.0_291'
Driver info: driver.version: ChromeDriver
remote stacktrace: Backtrace:
	Ordinal0 [0x00C82A33+2501171]
	Ordinal0 [0x00C1D1C1+2085313]
	Ordinal0 [0x00B21FA8+1056680]
	Ordinal0 [0x00B3F582+1176962]
	Ordinal0 [0x00B3BF09+1163017]
	Ordinal0 [0x00B3997F+1153407]
	Ordinal0 [0x00B6999F+1350047]
	Ordinal0 [0x00B6960A+1349130]
	Ordinal0 [0x00B6551B+1332507]
	Ordinal0 [0x00B41D74+1187188]
	Ordinal0 [0x00B42BD9+1190873]
	GetHandleVerifier [0x00DFEFE6+1504438]
	GetHandleVerifier [0x00EADDA5+2220661]
	GetHandleVerifier [0x00D05589+481881]
	GetHandleVerifier [0x00D04639+477961]
	Ordinal0 [0x00C228BD+2107581]
	Ordinal0 [0x00C26728+2123560]
	Ordinal0 [0x00C26862+2123874]
	Ordinal0 [0x00C2FA81+2161281]
	BaseThreadInitThunk [0x7670FA29+25]
	RtlGetAppContainerNamedObjectPath [0x77997A7E+286]
	RtlGetAppContainerNamedObjectPath [0x77997A4E+238]

	at sun.reflect.NativeConstructorAccessorImpl.newInstance0(Native Method)
	at sun.reflect.NativeConstructorAccessorImpl.newInstance(NativeConstructorAccessorImpl.java:62)
	at sun.reflect.DelegatingConstructorAccessorImpl.newInstance(DelegatingConstructorAccessorImpl.java:45)
	at java.lang.reflect.Constructor.newInstance(Constructor.java:423)
	at org.openqa.selenium.remote.W3CHandshakeResponse.lambda$errorHandler$0(W3CHandshakeResponse.java:62)
	at org.openqa.selenium.remote.HandshakeResponse.lambda$getResponseFunction$0(HandshakeResponse.java:30)
	at org.openqa.selenium.remote.ProtocolHandshake.lambda$createSession$0(ProtocolHandshake.java:126)
	at java.util.stream.ReferencePipeline$3$1.accept(ReferencePipeline.java:193)
	at java.util.Spliterators$ArraySpliterator.tryAdvance(Spliterators.java:958)
	at java.util.stream.ReferencePipeline.forEachWithCancel(ReferencePipeline.java:126)
	at java.util.stream.AbstractPipeline.copyIntoWithCancel(AbstractPipeline.java:499)
	at java.util.stream.AbstractPipeline.copyInto(AbstractPipeline.java:486)
	at java.util.stream.AbstractPipeline.wrapAndCopyInto(AbstractPipeline.java:472)
	at java.util.stream.FindOps$FindOp.evaluateSequential(FindOps.java:152)
	at java.util.stream.AbstractPipeline.evaluate(AbstractPipeline.java:234)
	at java.util.stream.ReferencePipeline.findFirst(ReferencePipeline.java:464)
	at org.openqa.selenium.remote.ProtocolHandshake.createSession(ProtocolHandshake.java:128)
	at org.openqa.selenium.remote.ProtocolHandshake.createSession(ProtocolHandshake.java:74)
	at org.openqa.selenium.remote.HttpCommandExecutor.execute(HttpCommandExecutor.java:136)
	at org.openqa.selenium.remote.service.DriverCommandExecutor.execute(DriverCommandExecutor.java:83)
	at org.openqa.selenium.remote.RemoteWebDriver.execute(RemoteWebDriver.java:552)
	at org.openqa.selenium.remote.RemoteWebDriver.startSession(RemoteWebDriver.java:213)
	at org.openqa.selenium.remote.RemoteWebDriver.<init>(RemoteWebDriver.java:131)
	at org.openqa.selenium.chrome.ChromeDriver.<init>(ChromeDriver.java:181)
	at org.openqa.selenium.chrome.ChromeDriver.<init>(ChromeDriver.java:168)
	at org.openqa.selenium.chrome.ChromeDriver.<init>(ChromeDriver.java:123)
	at stepDefinitions.AmazonSearchStepDefinitions.cucumberSetup(AmazonSearchStepDefinitions.java:28)
]]>
            </full-stacktrace>
          </exception> <!-- org.openqa.selenium.WebDriverException -->
          <reporter-output>
          </reporter-output>
        </test-method> <!-- runScenario -->
        <test-method status="PASS" signature="tearDownClass()[pri:0, instance:stepDefinitions.parallelRunnerTest@457e2f02]" name="tearDownClass" is-config="true" duration-ms="9749" started-at="2021-09-10T15:51:31Z" finished-at="2021-09-10T15:51:41Z">
          <reporter-output>
          </reporter-output>
        </test-method> <!-- tearDownClass -->
      </class> <!-- stepDefinitions.parallelRunnerTest -->
    </test> <!-- Surefire test -->
  </suite> <!-- Surefire suite -->
</testng-results>
